<?xml version="1.0" encoding="utf-8" standalone="no"?>
<test-run id="2" testcasecount="10" result="Skipped" label="Ignored" total="10" passed="9" failed="0" inconclusive="0" skipped="1" asserts="0" engine-version="3.6.1.0" clr-version="4.0.30319.42000" start-time="2017-04-23 08:02:57Z" end-time="2017-04-23 08:03:04Z" duration="6.498428">
  <command-line><![CDATA["C:\Users\dupdo\Documents\GitHub\Michonne\Solution\.build\..\packages\NUnit.ConsoleRunner.3.6.1\tools\nunit3-console.exe"  "C:\Users\dupdo\Documents\GitHub\Michonne\Solution\.build\..\Michonne.01.Tests\bin\release\Michonne.01.Tests.dll" /framework:net-4.0]]></command-line>
  <test-suite type="Assembly" id="0-1016" name="Michonne.01.Tests.dll" fullname="C:\Users\dupdo\Documents\GitHub\Michonne\Solution\Michonne.01.Tests\bin\release\Michonne.01.Tests.dll" runstate="Runnable" testcasecount="10" result="Skipped" label="Ignored" start-time="2017-04-23 08:02:58Z" end-time="2017-04-23 08:03:04Z" duration="5.312577" total="10" passed="9" failed="0" warnings="0" inconclusive="0" skipped="1" asserts="0">
    <environment framework-version="3.6.1.0" clr-version="4.0.30319.42000" os-version="Microsoft Windows NT 10.0.15063.0" platform="Win32NT" cwd="C:\Users\dupdo\Documents\GitHub\Michonne\Solution\.build" machine-name="DESKTOP-CU9PQLI" user="dupdo" user-domain="DESKTOP-CU9PQLI" culture="fr-FR" uiculture="fr-FR" os-architecture="x64" />
    <settings>
      <setting name="RuntimeFramework" value="net-4.0" />
      <setting name="DisposeRunners" value="True" />
      <setting name="WorkDirectory" value="C:\Users\dupdo\Documents\GitHub\Michonne\Solution\.build" />
      <setting name="ImageRuntimeVersion" value="4.0.30319" />
      <setting name="ImageTargetFrameworkName" value=".NETFramework,Version=v4.5" />
      <setting name="ImageRequiresX86" value="False" />
      <setting name="ImageRequiresDefaultAppDomainAssemblyResolver" value="False" />
      <setting name="NumberOfTestWorkers" value="4" />
    </settings>
    <properties>
      <property name="_PID" value="12236" />
      <property name="_APPDOMAIN" value="domain-" />
    </properties>
    <reason>
      <message><![CDATA[One or more child tests were ignored]]></message>
    </reason>
    <test-suite type="TestSuite" id="0-1017" name="Michonne" fullname="Michonne" runstate="Runnable" testcasecount="10" result="Skipped" label="Ignored" start-time="2017-04-23 08:02:58Z" end-time="2017-04-23 08:03:04Z" duration="5.268976" total="10" passed="9" failed="0" warnings="0" inconclusive="0" skipped="1" asserts="0">
      <reason>
        <message><![CDATA[One or more child tests were ignored]]></message>
      </reason>
      <test-suite type="TestSuite" id="0-1018" name="Tests" fullname="Michonne.Tests" runstate="Runnable" testcasecount="10" result="Skipped" label="Ignored" start-time="2017-04-23 08:02:58Z" end-time="2017-04-23 08:03:04Z" duration="5.265328" total="10" passed="9" failed="0" warnings="0" inconclusive="0" skipped="1" asserts="0">
        <reason>
          <message><![CDATA[One or more child tests were ignored]]></message>
        </reason>
        <test-suite type="TestFixture" id="0-1000" name="BalkingDispatcherTests" fullname="Michonne.Tests.BalkingDispatcherTests" classname="Michonne.Tests.BalkingDispatcherTests" runstate="Runnable" testcasecount="2" result="Passed" start-time="2017-04-23 08:02:58Z" end-time="2017-04-23 08:02:59Z" duration="0.108054" total="2" passed="2" failed="0" warnings="0" inconclusive="0" skipped="0" asserts="0">
          <test-case id="0-1001" name="TasksDispatchedWhileBusyAreDiscarded" fullname="Michonne.Tests.BalkingDispatcherTests.TasksDispatchedWhileBusyAreDiscarded" methodname="TasksDispatchedWhileBusyAreDiscarded" classname="Michonne.Tests.BalkingDispatcherTests" runstate="Runnable" seed="902236645" result="Passed" start-time="2017-04-23 08:02:58Z" end-time="2017-04-23 08:02:59Z" duration="0.063615" asserts="0" />
          <test-case id="0-1002" name="TheLastDispatchedTaskIsNotExecutedMoreThanOnce" fullname="Michonne.Tests.BalkingDispatcherTests.TheLastDispatchedTaskIsNotExecutedMoreThanOnce" methodname="TheLastDispatchedTaskIsNotExecutedMoreThanOnce" classname="Michonne.Tests.BalkingDispatcherTests" runstate="Runnable" seed="2036286076" result="Passed" start-time="2017-04-23 08:02:59Z" end-time="2017-04-23 08:02:59Z" duration="0.011466" asserts="0" />
        </test-suite>
        <test-suite type="TestFixture" id="0-1003" name="ContinuationTasksBasedSequencerTests" fullname="Michonne.Tests.ContinuationTasksBasedSequencerTests" classname="Michonne.Tests.ContinuationTasksBasedSequencerTests" runstate="Runnable" testcasecount="2" result="Passed" start-time="2017-04-23 08:02:59Z" end-time="2017-04-23 08:03:00Z" duration="1.692129" total="2" passed="2" failed="0" warnings="0" inconclusive="0" skipped="0" asserts="0">
          <test-case id="0-1004" name="ShouldNotRunActionsConcurrently" fullname="Michonne.Tests.ContinuationTasksBasedSequencerTests.ShouldNotRunActionsConcurrently" methodname="ShouldNotRunActionsConcurrently" classname="Michonne.Tests.ContinuationTasksBasedSequencerTests" runstate="Runnable" seed="1736466151" result="Passed" start-time="2017-04-23 08:02:59Z" end-time="2017-04-23 08:02:59Z" duration="0.893745" asserts="0" />
          <test-case id="0-1005" name="ShouldRunActionsInOrder" fullname="Michonne.Tests.ContinuationTasksBasedSequencerTests.ShouldRunActionsInOrder" methodname="ShouldRunActionsInOrder" classname="Michonne.Tests.ContinuationTasksBasedSequencerTests" runstate="Runnable" seed="1894675448" result="Passed" start-time="2017-04-23 08:02:59Z" end-time="2017-04-23 08:03:00Z" duration="0.789943" asserts="0" />
        </test-suite>
        <test-suite type="TestFixture" id="0-1006" name="DirectDispatcherTests" fullname="Michonne.Tests.DirectDispatcherTests" classname="Michonne.Tests.DirectDispatcherTests" runstate="Runnable" testcasecount="1" result="Passed" start-time="2017-04-23 08:03:00Z" end-time="2017-04-23 08:03:00Z" duration="0.014237" total="1" passed="1" failed="0" warnings="0" inconclusive="0" skipped="0" asserts="0">
          <test-case id="0-1007" name="DirectDispatcherExecutesTasksInTheCallerThread" fullname="Michonne.Tests.DirectDispatcherTests.DirectDispatcherExecutesTasksInTheCallerThread" methodname="DirectDispatcherExecutesTasksInTheCallerThread" classname="Michonne.Tests.DirectDispatcherTests" runstate="Runnable" seed="377321917" result="Passed" start-time="2017-04-23 08:03:00Z" end-time="2017-04-23 08:03:00Z" duration="0.010198" asserts="0" />
        </test-suite>
        <test-suite type="TestFixture" id="0-1008" name="PerformanceTests" fullname="Michonne.Tests.PerformanceTests" classname="Michonne.Tests.PerformanceTests" runstate="Runnable" testcasecount="1" result="Skipped" label="Ignored" start-time="2017-04-23 08:03:00Z" end-time="2017-04-23 08:03:00Z" duration="0.005078" total="1" passed="0" failed="0" warnings="0" inconclusive="0" skipped="1" asserts="0">
          <reason>
            <message><![CDATA[One or more child tests were ignored]]></message>
          </reason>
          <test-case id="0-1009" name="MeasureThroughput" fullname="Michonne.Tests.PerformanceTests.MeasureThroughput" methodname="MeasureThroughput" classname="Michonne.Tests.PerformanceTests" runstate="Ignored" seed="1988686611" result="Skipped" label="Ignored" start-time="2017-04-23 08:03:00Z" end-time="2017-04-23 08:03:00Z" duration="0.001846" asserts="0">
            <properties>
              <property name="_SKIPREASON" value="Bench" />
            </properties>
            <reason>
              <message><![CDATA[Bench]]></message>
            </reason>
          </test-case>
        </test-suite>
        <test-suite type="TestFixture" id="0-1010" name="PollingDispatcherTests" fullname="Michonne.Tests.PollingDispatcherTests" classname="Michonne.Tests.PollingDispatcherTests" runstate="Runnable" testcasecount="2" result="Passed" start-time="2017-04-23 08:03:00Z" end-time="2017-04-23 08:03:00Z" duration="0.011045" total="2" passed="2" failed="0" warnings="0" inconclusive="0" skipped="0" asserts="0">
          <test-case id="0-1012" name="CallingExecuteNextTaskDoesNotThrowWhenNoTaskIsDispatched" fullname="Michonne.Tests.PollingDispatcherTests.CallingExecuteNextTaskDoesNotThrowWhenNoTaskIsDispatched" methodname="CallingExecuteNextTaskDoesNotThrowWhenNoTaskIsDispatched" classname="Michonne.Tests.PollingDispatcherTests" runstate="Runnable" seed="580179204" result="Passed" start-time="2017-04-23 08:03:00Z" end-time="2017-04-23 08:03:00Z" duration="0.001051" asserts="0" />
          <test-case id="0-1011" name="DispatchedTasksAreExecutedOnlyWhenCallingExecuteNextTask" fullname="Michonne.Tests.PollingDispatcherTests.DispatchedTasksAreExecutedOnlyWhenCallingExecuteNextTask" methodname="DispatchedTasksAreExecutedOnlyWhenCallingExecuteNextTask" classname="Michonne.Tests.PollingDispatcherTests" runstate="Runnable" seed="1938579966" result="Passed" start-time="2017-04-23 08:03:00Z" end-time="2017-04-23 08:03:00Z" duration="0.002363" asserts="0" />
        </test-suite>
        <test-suite type="TestFixture" id="0-1013" name="SequencerTests" fullname="Michonne.Tests.SequencerTests" classname="Michonne.Tests.SequencerTests" runstate="Runnable" testcasecount="2" result="Passed" start-time="2017-04-23 08:03:00Z" end-time="2017-04-23 08:03:04Z" duration="3.406842" total="2" passed="2" failed="0" warnings="0" inconclusive="0" skipped="0" asserts="0">
          <test-case id="0-1015" name="DoesNotLoseAnyTaskWithTwoWriterThreadsOnTheSameSequencer" fullname="Michonne.Tests.SequencerTests.DoesNotLoseAnyTaskWithTwoWriterThreadsOnTheSameSequencer" methodname="DoesNotLoseAnyTaskWithTwoWriterThreadsOnTheSameSequencer" classname="Michonne.Tests.SequencerTests" runstate="Runnable" seed="855499544" result="Passed" start-time="2017-04-23 08:03:00Z" end-time="2017-04-23 08:03:03Z" duration="3.045910" asserts="0" />
          <test-case id="0-1014" name="SequencerExecutesTasksInTheOrderOfTheirDispatch" fullname="Michonne.Tests.SequencerTests.SequencerExecutesTasksInTheOrderOfTheirDispatch" methodname="SequencerExecutesTasksInTheOrderOfTheirDispatch" classname="Michonne.Tests.SequencerTests" runstate="Runnable" seed="564245410" result="Passed" start-time="2017-04-23 08:03:03Z" end-time="2017-04-23 08:03:04Z" duration="0.352838" asserts="0" />
        </test-suite>
      </test-suite>
    </test-suite>
  </test-suite>
</test-run>