<?xml version="1.0" encoding="utf-8" standalone="no"?>
<test-run id="2" testcasecount="4" result="Passed" total="4" passed="4" failed="0" inconclusive="0" skipped="0" asserts="0" engine-version="3.6.1.0" clr-version="4.0.30319.42000" start-time="2017-04-23 08:29:37Z" end-time="2017-04-23 08:29:38Z" duration="0.922979">
  <command-line><![CDATA["C:\Users\dupdo\Documents\GitHub\Michonne\Solution\.build\..\packages\NUnit.ConsoleRunner.3.6.1\tools\nunit3-console.exe"  "C:\Users\dupdo\Documents\GitHub\Michonne\Solution\.build\..\Michonne.Tests\bin\release\Michonne.Tests.dll" /framework:net-4.0]]></command-line>
  <test-suite type="Assembly" id="0-1008" name="Michonne.Tests.dll" fullname="C:\Users\dupdo\Documents\GitHub\Michonne\Solution\Michonne.Tests\bin\release\Michonne.Tests.dll" runstate="Runnable" testcasecount="4" result="Passed" start-time="2017-04-23 08:29:38Z" end-time="2017-04-23 08:29:38Z" duration="0.166383" total="4" passed="4" failed="0" warnings="0" inconclusive="0" skipped="0" asserts="0">
    <environment framework-version="3.6.1.0" clr-version="4.0.30319.42000" os-version="Microsoft Windows NT 10.0.15063.0" platform="Win32NT" cwd="C:\Users\dupdo\Documents\GitHub\Michonne\Solution\.build" machine-name="DESKTOP-CU9PQLI" user="dupdo" user-domain="DESKTOP-CU9PQLI" culture="fr-FR" uiculture="fr-FR" os-architecture="x64" />
    <settings>
      <setting name="RuntimeFramework" value="net-4.0" />
      <setting name="DisposeRunners" value="True" />
      <setting name="WorkDirectory" value="C:\Users\dupdo\Documents\GitHub\Michonne\Solution\.build" />
      <setting name="ImageRuntimeVersion" value="4.0.30319" />
      <setting name="ImageTargetFrameworkName" value=".NETFramework,Version=v4.5" />
      <setting name="ImageRequiresX86" value="False" />
      <setting name="ImageRequiresDefaultAppDomainAssemblyResolver" value="False" />
      <setting name="NumberOfTestWorkers" value="4" />
    </settings>
    <properties>
      <property name="_PID" value="8240" />
      <property name="_APPDOMAIN" value="domain-" />
    </properties>
    <test-suite type="TestSuite" id="0-1009" name="Michonne" fullname="Michonne" runstate="Runnable" testcasecount="4" result="Passed" start-time="2017-04-23 08:29:38Z" end-time="2017-04-23 08:29:38Z" duration="0.123960" total="4" passed="4" failed="0" warnings="0" inconclusive="0" skipped="0" asserts="0">
      <test-suite type="TestSuite" id="0-1010" name="Tests" fullname="Michonne.Tests" runstate="Runnable" testcasecount="4" result="Passed" start-time="2017-04-23 08:29:38Z" end-time="2017-04-23 08:29:38Z" duration="0.120051" total="4" passed="4" failed="0" warnings="0" inconclusive="0" skipped="0" asserts="0">
        <test-suite type="TestFixture" id="0-1000" name="ExecutionFactoryTests" fullname="Michonne.Tests.ExecutionFactoryTests" classname="Michonne.Tests.ExecutionFactoryTests" runstate="Runnable" testcasecount="4" result="Passed" start-time="2017-04-23 08:29:38Z" end-time="2017-04-23 08:29:38Z" duration="0.101452" total="4" passed="4" failed="0" warnings="0" inconclusive="0" skipped="0" asserts="0">
          <test-case id="0-1002" name="Factory_should_create_pool_unit" fullname="Michonne.Tests.ExecutionFactoryTests.Factory_should_create_pool_unit" methodname="Factory_should_create_pool_unit" classname="Michonne.Tests.ExecutionFactoryTests" runstate="Runnable" seed="1523564507" result="Passed" start-time="2017-04-23 08:29:38Z" end-time="2017-04-23 08:29:38Z" duration="0.019944" asserts="0" />
          <test-case id="0-1003" name="Factory_should_create_worker_unit" fullname="Michonne.Tests.ExecutionFactoryTests.Factory_should_create_worker_unit" methodname="Factory_should_create_worker_unit" classname="Michonne.Tests.ExecutionFactoryTests" runstate="Runnable" seed="1214326229" result="Passed" start-time="2017-04-23 08:29:38Z" end-time="2017-04-23 08:29:38Z" duration="0.003689" asserts="0" />
          <test-case id="0-1004" name="Factory_should_decrease_core_count" fullname="Michonne.Tests.ExecutionFactoryTests.Factory_should_decrease_core_count" methodname="Factory_should_decrease_core_count" classname="Michonne.Tests.ExecutionFactoryTests" runstate="Runnable" seed="220930928" result="Passed" start-time="2017-04-23 08:29:38Z" end-time="2017-04-23 08:29:38Z" duration="0.028656" asserts="0" />
          <test-case id="0-1001" name="Factory_should_detect_number_of_cores" fullname="Michonne.Tests.ExecutionFactoryTests.Factory_should_detect_number_of_cores" methodname="Factory_should_detect_number_of_cores" classname="Michonne.Tests.ExecutionFactoryTests" runstate="Runnable" seed="1759330759" result="Passed" start-time="2017-04-23 08:29:38Z" end-time="2017-04-23 08:29:38Z" duration="0.004256" asserts="0" />
        </test-suite>
        <test-suite type="GenericFixture" id="0-1006" name="SequencerCertification&lt;T&gt;" fullname="Michonne.Tests.SequencerCertification&lt;T&gt;" runstate="Runnable" testcasecount="0" result="Passed" start-time="2017-04-23 08:29:38Z" end-time="2017-04-23 08:29:38Z" duration="0.110106" total="0" passed="0" failed="0" warnings="0" inconclusive="0" skipped="0" asserts="0">
          <test-suite type="TestFixture" id="0-1005" name="SequencerCertification&lt;Sequencer&gt;" fullname="Michonne.Tests.SequencerCertification&lt;Sequencer&gt;" classname="Michonne.Tests.SequencerCertification`1" runstate="Runnable" testcasecount="0" result="Passed" start-time="2017-04-23 08:29:38Z" end-time="2017-04-23 08:29:38Z" duration="0.000219" total="0" passed="0" failed="0" warnings="0" inconclusive="0" skipped="0" asserts="0" />
        </test-suite>
        <test-suite type="TestFixture" id="0-1007" name="SynchonousUnitOfExecutionTests" fullname="Michonne.Tests.SynchonousUnitOfExecutionTests" classname="Michonne.Tests.SynchonousUnitOfExecutionTests" runstate="Runnable" testcasecount="0" result="Passed" start-time="2017-04-23 08:29:38Z" end-time="2017-04-23 08:29:38Z" duration="0.000116" total="0" passed="0" failed="0" warnings="0" inconclusive="0" skipped="0" asserts="0" />
      </test-suite>
    </test-suite>
  </test-suite>
</test-run>