<?xml version="1.0" encoding="utf-8" standalone="no"?>
<test-run id="2" testcasecount="15" result="Passed" total="15" passed="15" failed="0" inconclusive="0" skipped="0" asserts="0" engine-version="3.6.1.0" clr-version="4.0.30319.42000" start-time="2017-04-26 08:49:15Z" end-time="2017-04-26 08:49:16Z" duration="1.534512">
  <command-line><![CDATA["C:\Users\dupdo\Documents\GitHub\Michonne\Solution\.build\..\packages\NUnit.ConsoleRunner.3.6.1\tools\nunit3-console.exe"  "C:\Users\dupdo\Documents\GitHub\Michonne\Solution\.build\..\Michonne.Tests\bin\release\Michonne.Tests.dll" /framework:net-4.0]]></command-line>
  <test-suite type="Assembly" id="0-1021" name="Michonne.Tests.dll" fullname="C:\Users\dupdo\Documents\GitHub\Michonne\Solution\Michonne.Tests\bin\release\Michonne.Tests.dll" runstate="Runnable" testcasecount="15" result="Passed" start-time="2017-04-26 08:49:15Z" end-time="2017-04-26 08:49:16Z" duration="0.588706" total="15" passed="15" failed="0" warnings="0" inconclusive="0" skipped="0" asserts="0">
    <environment framework-version="3.6.1.0" clr-version="4.0.30319.42000" os-version="Microsoft Windows NT 10.0.15063.0" platform="Win32NT" cwd="C:\Users\dupdo\Documents\GitHub\Michonne\Solution\.build" machine-name="DESKTOP-CU9PQLI" user="dupdo" user-domain="DESKTOP-CU9PQLI" culture="fr-FR" uiculture="fr-FR" os-architecture="x64" />
    <settings>
      <setting name="RuntimeFramework" value="net-4.0" />
      <setting name="DisposeRunners" value="True" />
      <setting name="WorkDirectory" value="C:\Users\dupdo\Documents\GitHub\Michonne\Solution\.build" />
      <setting name="ImageRuntimeVersion" value="4.0.30319" />
      <setting name="ImageTargetFrameworkName" value=".NETFramework,Version=v4.5" />
      <setting name="ImageRequiresX86" value="False" />
      <setting name="ImageRequiresDefaultAppDomainAssemblyResolver" value="False" />
      <setting name="NumberOfTestWorkers" value="4" />
    </settings>
    <properties>
      <property name="_PID" value="9356" />
      <property name="_APPDOMAIN" value="domain-" />
    </properties>
    <test-suite type="TestSuite" id="0-1022" name="Michonne" fullname="Michonne" runstate="Runnable" testcasecount="15" result="Passed" start-time="2017-04-26 08:49:16Z" end-time="2017-04-26 08:49:16Z" duration="0.524159" total="15" passed="15" failed="0" warnings="0" inconclusive="0" skipped="0" asserts="0">
      <test-suite type="TestSuite" id="0-1023" name="Tests" fullname="Michonne.Tests" runstate="Runnable" testcasecount="15" result="Passed" start-time="2017-04-26 08:49:16Z" end-time="2017-04-26 08:49:16Z" duration="0.519351" total="15" passed="15" failed="0" warnings="0" inconclusive="0" skipped="0" asserts="0">
        <test-suite type="TestFixture" id="0-1000" name="ConflationTests" fullname="Michonne.Tests.ConflationTests" classname="Michonne.Tests.ConflationTests" runstate="Runnable" testcasecount="3" result="Passed" start-time="2017-04-26 08:49:16Z" end-time="2017-04-26 08:49:16Z" duration="0.250282" total="3" passed="3" failed="0" warnings="0" inconclusive="0" skipped="0" asserts="0">
          <test-case id="0-1001" name="ShouldConflateActions" fullname="Michonne.Tests.ConflationTests.ShouldConflateActions" methodname="ShouldConflateActions" classname="Michonne.Tests.ConflationTests" runstate="Runnable" seed="870964359" result="Passed" start-time="2017-04-26 08:49:16Z" end-time="2017-04-26 08:49:16Z" duration="0.144851" asserts="0" />
          <test-case id="0-1002" name="ShouldHaveANiceApi" fullname="Michonne.Tests.ConflationTests.ShouldHaveANiceApi" methodname="ShouldHaveANiceApi" classname="Michonne.Tests.ConflationTests" runstate="Runnable" seed="349282457" result="Passed" start-time="2017-04-26 08:49:16Z" end-time="2017-04-26 08:49:16Z" duration="0.035756" asserts="0" />
          <test-case id="0-1003" name="ShouldHaveANiceDataApi" fullname="Michonne.Tests.ConflationTests.ShouldHaveANiceDataApi" methodname="ShouldHaveANiceDataApi" classname="Michonne.Tests.ConflationTests" runstate="Runnable" seed="1682977732" result="Passed" start-time="2017-04-26 08:49:16Z" end-time="2017-04-26 08:49:16Z" duration="0.037076" asserts="0" />
        </test-suite>
        <test-suite type="TestFixture" id="0-1004" name="DataProcessorTest" fullname="Michonne.Tests.DataProcessorTest" classname="Michonne.Tests.DataProcessorTest" runstate="Runnable" testcasecount="1" result="Passed" start-time="2017-04-26 08:49:16Z" end-time="2017-04-26 08:49:16Z" duration="0.028918" total="1" passed="1" failed="0" warnings="0" inconclusive="0" skipped="0" asserts="0">
          <test-case id="0-1005" name="ShouldHaveANiceAPI" fullname="Michonne.Tests.DataProcessorTest.ShouldHaveANiceAPI" methodname="ShouldHaveANiceAPI" classname="Michonne.Tests.DataProcessorTest" runstate="Runnable" seed="1473235284" result="Passed" start-time="2017-04-26 08:49:16Z" end-time="2017-04-26 08:49:16Z" duration="0.025645" asserts="0" />
        </test-suite>
        <test-suite type="TestFixture" id="0-1006" name="ExecutionFactoryTests" fullname="Michonne.Tests.ExecutionFactoryTests" classname="Michonne.Tests.ExecutionFactoryTests" runstate="Runnable" testcasecount="4" result="Passed" start-time="2017-04-26 08:49:16Z" end-time="2017-04-26 08:49:16Z" duration="0.021841" total="4" passed="4" failed="0" warnings="0" inconclusive="0" skipped="0" asserts="0">
          <test-case id="0-1008" name="Factory_should_create_pool_unit" fullname="Michonne.Tests.ExecutionFactoryTests.Factory_should_create_pool_unit" methodname="Factory_should_create_pool_unit" classname="Michonne.Tests.ExecutionFactoryTests" runstate="Runnable" seed="1810304910" result="Passed" start-time="2017-04-26 08:49:16Z" end-time="2017-04-26 08:49:16Z" duration="0.003240" asserts="0" />
          <test-case id="0-1009" name="Factory_should_create_worker_unit" fullname="Michonne.Tests.ExecutionFactoryTests.Factory_should_create_worker_unit" methodname="Factory_should_create_worker_unit" classname="Michonne.Tests.ExecutionFactoryTests" runstate="Runnable" seed="2067835685" result="Passed" start-time="2017-04-26 08:49:16Z" end-time="2017-04-26 08:49:16Z" duration="0.001233" asserts="0" />
          <test-case id="0-1010" name="Factory_should_decrease_core_count" fullname="Michonne.Tests.ExecutionFactoryTests.Factory_should_decrease_core_count" methodname="Factory_should_decrease_core_count" classname="Michonne.Tests.ExecutionFactoryTests" runstate="Runnable" seed="919153743" result="Passed" start-time="2017-04-26 08:49:16Z" end-time="2017-04-26 08:49:16Z" duration="0.001759" asserts="0" />
          <test-case id="0-1007" name="Factory_should_detect_number_of_cores" fullname="Michonne.Tests.ExecutionFactoryTests.Factory_should_detect_number_of_cores" methodname="Factory_should_detect_number_of_cores" classname="Michonne.Tests.ExecutionFactoryTests" runstate="Runnable" seed="1569679063" result="Passed" start-time="2017-04-26 08:49:16Z" end-time="2017-04-26 08:49:16Z" duration="0.000797" asserts="0" />
        </test-suite>
        <test-suite type="GenericFixture" id="0-1018" name="SequencerCertification&lt;T&gt;" fullname="Michonne.Tests.SequencerCertification&lt;T&gt;" runstate="Runnable" testcasecount="6" result="Passed" start-time="2017-04-26 08:49:16Z" end-time="2017-04-26 08:49:16Z" duration="0.500970" total="6" passed="6" failed="0" warnings="0" inconclusive="0" skipped="0" asserts="0">
          <test-suite type="TestFixture" id="0-1011" name="SequencerCertification&lt;Sequencer&gt;" fullname="Michonne.Tests.SequencerCertification&lt;Sequencer&gt;" classname="Michonne.Tests.SequencerCertification`1" runstate="Runnable" testcasecount="6" result="Passed" start-time="2017-04-26 08:49:16Z" end-time="2017-04-26 08:49:16Z" duration="0.183956" total="6" passed="6" failed="0" warnings="0" inconclusive="0" skipped="0" asserts="0">
            <test-case id="0-1012" name="Sequencer_should_process_fairly" fullname="Michonne.Tests.SequencerCertification&lt;Sequencer&gt;.Sequencer_should_process_fairly" methodname="Sequencer_should_process_fairly" classname="Michonne.Tests.SequencerCertification`1" runstate="Runnable" seed="500826500" result="Passed" start-time="2017-04-26 08:49:16Z" end-time="2017-04-26 08:49:16Z" duration="0.035806" asserts="0" />
            <test-case id="0-1017" name="Should_Be_Fast" fullname="Michonne.Tests.SequencerCertification&lt;Sequencer&gt;.Should_Be_Fast" methodname="Should_Be_Fast" classname="Michonne.Tests.SequencerCertification`1" runstate="Runnable" seed="608980941" result="Passed" start-time="2017-04-26 08:49:16Z" end-time="2017-04-26 08:49:16Z" duration="0.041471" asserts="0" />
            <test-case id="0-1013" name="Should_Execute_Tasks_Non_Concurrently" fullname="Michonne.Tests.SequencerCertification&lt;Sequencer&gt;.Should_Execute_Tasks_Non_Concurrently" methodname="Should_Execute_Tasks_Non_Concurrently" classname="Michonne.Tests.SequencerCertification`1" runstate="Runnable" seed="265402946" result="Passed" start-time="2017-04-26 08:49:16Z" end-time="2017-04-26 08:49:16Z" duration="0.044943" asserts="0" />
            <test-case id="0-1014" name="Should_Execute_Tasks_Sequentially" fullname="Michonne.Tests.SequencerCertification&lt;Sequencer&gt;.Should_Execute_Tasks_Sequentially" methodname="Should_Execute_Tasks_Sequentially" classname="Michonne.Tests.SequencerCertification`1" runstate="Runnable" seed="36530576" result="Passed" start-time="2017-04-26 08:49:16Z" end-time="2017-04-26 08:49:16Z" duration="0.023073" asserts="0" />
            <test-case id="0-1015" name="Should_Support_Injection_Of_Unit_Of_Execution" fullname="Michonne.Tests.SequencerCertification&lt;Sequencer&gt;.Should_Support_Injection_Of_Unit_Of_Execution" methodname="Should_Support_Injection_Of_Unit_Of_Execution" classname="Michonne.Tests.SequencerCertification`1" runstate="Runnable" seed="757758833" result="Passed" start-time="2017-04-26 08:49:16Z" end-time="2017-04-26 08:49:16Z" duration="0.000933" asserts="0" />
            <test-case id="0-1016" name="Should_Use_Provided_Unit_Of_Execution" fullname="Michonne.Tests.SequencerCertification&lt;Sequencer&gt;.Should_Use_Provided_Unit_Of_Execution" methodname="Should_Use_Provided_Unit_Of_Execution" classname="Michonne.Tests.SequencerCertification`1" runstate="Runnable" seed="1137605142" result="Passed" start-time="2017-04-26 08:49:16Z" end-time="2017-04-26 08:49:16Z" duration="0.007591" asserts="0" />
          </test-suite>
        </test-suite>
        <test-suite type="TestFixture" id="0-1019" name="SynchonousUnitOfExecutionTests" fullname="Michonne.Tests.SynchonousUnitOfExecutionTests" classname="Michonne.Tests.SynchonousUnitOfExecutionTests" runstate="Runnable" testcasecount="1" result="Passed" start-time="2017-04-26 08:49:16Z" end-time="2017-04-26 08:49:16Z" duration="0.006951" total="1" passed="1" failed="0" warnings="0" inconclusive="0" skipped="0" asserts="0">
          <test-case id="0-1020" name="ShouldExecuteSynchro" fullname="Michonne.Tests.SynchonousUnitOfExecutionTests.ShouldExecuteSynchro" methodname="ShouldExecuteSynchro" classname="Michonne.Tests.SynchonousUnitOfExecutionTests" runstate="Runnable" seed="1988525965" result="Passed" start-time="2017-04-26 08:49:16Z" end-time="2017-04-26 08:49:16Z" duration="0.003200" asserts="0" />
        </test-suite>
      </test-suite>
    </test-suite>
  </test-suite>
</test-run>