<?xml version="1.0" encoding="utf-8" standalone="no"?>
<test-run start-time="2017-04-27 13:55:09Z">
  <command-line><![CDATA["C:\Users\dupdo\Documents\GitHub\Michonne\Solution\.build\..\packages\NUnit.ConsoleRunner.3.6.1\tools\nunit3-console.exe"  "C:\Users\dupdo\Documents\GitHub\Michonne\Solution\.build\..\Michonne.Tests\bin\release\Michonne.Tests.dll" /framework:net-4.0]]></command-line>
</test-run>