<?xml version="1.0" encoding="utf-8" standalone="no"?>
<test-run id="2" testcasecount="9" result="Passed" total="9" passed="9" failed="0" inconclusive="0" skipped="0" asserts="0" engine-version="3.6.1.0" clr-version="4.0.30319.42000" start-time="2017-04-24 05:38:54Z" end-time="2017-04-24 05:38:56Z" duration="1.698796">
  <command-line><![CDATA["C:\Users\dupdo\Documents\GitHub\Michonne\Solution\.build\..\packages\NUnit.ConsoleRunner.3.6.1\tools\nunit3-console.exe"  "C:\Users\dupdo\Documents\GitHub\Michonne\Solution\.build\..\Michonne.Tests\bin\release\Michonne.Tests.dll" /framework:net-4.0]]></command-line>
  <test-suite type="Assembly" id="0-1013" name="Michonne.Tests.dll" fullname="C:\Users\dupdo\Documents\GitHub\Michonne\Solution\Michonne.Tests\bin\release\Michonne.Tests.dll" runstate="Runnable" testcasecount="9" result="Passed" start-time="2017-04-24 05:38:55Z" end-time="2017-04-24 05:38:56Z" duration="0.390053" total="9" passed="9" failed="0" warnings="0" inconclusive="0" skipped="0" asserts="0">
    <environment framework-version="3.6.1.0" clr-version="4.0.30319.42000" os-version="Microsoft Windows NT 10.0.15063.0" platform="Win32NT" cwd="C:\Users\dupdo\Documents\GitHub\Michonne\Solution\.build" machine-name="DESKTOP-CU9PQLI" user="dupdo" user-domain="DESKTOP-CU9PQLI" culture="fr-FR" uiculture="fr-FR" os-architecture="x64" />
    <settings>
      <setting name="RuntimeFramework" value="net-4.0" />
      <setting name="DisposeRunners" value="True" />
      <setting name="WorkDirectory" value="C:\Users\dupdo\Documents\GitHub\Michonne\Solution\.build" />
      <setting name="ImageRuntimeVersion" value="4.0.30319" />
      <setting name="ImageTargetFrameworkName" value=".NETFramework,Version=v4.5" />
      <setting name="ImageRequiresX86" value="False" />
      <setting name="ImageRequiresDefaultAppDomainAssemblyResolver" value="False" />
      <setting name="NumberOfTestWorkers" value="2" />
    </settings>
    <properties>
      <property name="_PID" value="4016" />
      <property name="_APPDOMAIN" value="domain-" />
    </properties>
    <test-suite type="TestSuite" id="0-1014" name="Michonne" fullname="Michonne" runstate="Runnable" testcasecount="9" result="Passed" start-time="2017-04-24 05:38:55Z" end-time="2017-04-24 05:38:56Z" duration="0.333087" total="9" passed="9" failed="0" warnings="0" inconclusive="0" skipped="0" asserts="0">
      <test-suite type="TestSuite" id="0-1015" name="Tests" fullname="Michonne.Tests" runstate="Runnable" testcasecount="9" result="Passed" start-time="2017-04-24 05:38:55Z" end-time="2017-04-24 05:38:56Z" duration="0.323656" total="9" passed="9" failed="0" warnings="0" inconclusive="0" skipped="0" asserts="0">
        <test-suite type="TestFixture" id="0-1000" name="ExecutionFactoryTests" fullname="Michonne.Tests.ExecutionFactoryTests" classname="Michonne.Tests.ExecutionFactoryTests" runstate="Runnable" testcasecount="3" result="Passed" start-time="2017-04-24 05:38:55Z" end-time="2017-04-24 05:38:55Z" duration="0.088126" total="3" passed="3" failed="0" warnings="0" inconclusive="0" skipped="0" asserts="0">
          <test-case id="0-1002" name="Factory_should_create_pool_unit" fullname="Michonne.Tests.ExecutionFactoryTests.Factory_should_create_pool_unit" methodname="Factory_should_create_pool_unit" classname="Michonne.Tests.ExecutionFactoryTests" runstate="Runnable" seed="1365676899" result="Passed" start-time="2017-04-24 05:38:55Z" end-time="2017-04-24 05:38:55Z" duration="0.022386" asserts="0" />
          <test-case id="0-1003" name="Factory_should_create_worker_unit" fullname="Michonne.Tests.ExecutionFactoryTests.Factory_should_create_worker_unit" methodname="Factory_should_create_worker_unit" classname="Michonne.Tests.ExecutionFactoryTests" runstate="Runnable" seed="1418591335" result="Passed" start-time="2017-04-24 05:38:55Z" end-time="2017-04-24 05:38:55Z" duration="0.003655" asserts="0" />
          <test-case id="0-1001" name="Factory_should_detect_number_of_cores" fullname="Michonne.Tests.ExecutionFactoryTests.Factory_should_detect_number_of_cores" methodname="Factory_should_detect_number_of_cores" classname="Michonne.Tests.ExecutionFactoryTests" runstate="Runnable" seed="1112178994" result="Passed" start-time="2017-04-24 05:38:55Z" end-time="2017-04-24 05:38:55Z" duration="0.014271" asserts="0" />
        </test-suite>
        <test-suite type="GenericFixture" id="0-1010" name="SequencerCertification&lt;T&gt;" fullname="Michonne.Tests.SequencerCertification&lt;T&gt;" runstate="Runnable" testcasecount="5" result="Passed" start-time="2017-04-24 05:38:55Z" end-time="2017-04-24 05:38:56Z" duration="0.293209" total="5" passed="5" failed="0" warnings="0" inconclusive="0" skipped="0" asserts="0">
          <test-suite type="TestFixture" id="0-1004" name="SequencerCertification&lt;Sequencer&gt;" fullname="Michonne.Tests.SequencerCertification&lt;Sequencer&gt;" classname="Michonne.Tests.SequencerCertification`1" runstate="Runnable" testcasecount="5" result="Passed" start-time="2017-04-24 05:38:55Z" end-time="2017-04-24 05:38:55Z" duration="0.181030" total="5" passed="5" failed="0" warnings="0" inconclusive="0" skipped="0" asserts="0">
            <test-case id="0-1009" name="Should_Be_Fast" fullname="Michonne.Tests.SequencerCertification&lt;Sequencer&gt;.Should_Be_Fast" methodname="Should_Be_Fast" classname="Michonne.Tests.SequencerCertification`1" runstate="Runnable" seed="740804283" result="Passed" start-time="2017-04-24 05:38:55Z" end-time="2017-04-24 05:38:55Z" duration="0.057223" asserts="0" />
            <test-case id="0-1005" name="Should_Execute_Tasks_Non_Concurrently" fullname="Michonne.Tests.SequencerCertification&lt;Sequencer&gt;.Should_Execute_Tasks_Non_Concurrently" methodname="Should_Execute_Tasks_Non_Concurrently" classname="Michonne.Tests.SequencerCertification`1" runstate="Runnable" seed="481688693" result="Passed" start-time="2017-04-24 05:38:55Z" end-time="2017-04-24 05:38:55Z" duration="0.048768" asserts="0" />
            <test-case id="0-1006" name="Should_Execute_Tasks_Sequentially" fullname="Michonne.Tests.SequencerCertification&lt;Sequencer&gt;.Should_Execute_Tasks_Sequentially" methodname="Should_Execute_Tasks_Sequentially" classname="Michonne.Tests.SequencerCertification`1" runstate="Runnable" seed="333512909" result="Passed" start-time="2017-04-24 05:38:55Z" end-time="2017-04-24 05:38:55Z" duration="0.023017" asserts="0" />
            <test-case id="0-1007" name="Should_Support_Injection_Of_Unit_Of_Execution" fullname="Michonne.Tests.SequencerCertification&lt;Sequencer&gt;.Should_Support_Injection_Of_Unit_Of_Execution" methodname="Should_Support_Injection_Of_Unit_Of_Execution" classname="Michonne.Tests.SequencerCertification`1" runstate="Runnable" seed="670118847" result="Passed" start-time="2017-04-24 05:38:55Z" end-time="2017-04-24 05:38:55Z" duration="0.000974" asserts="0" />
            <test-case id="0-1008" name="Should_Use_Provided_Unit_Of_Execution" fullname="Michonne.Tests.SequencerCertification&lt;Sequencer&gt;.Should_Use_Provided_Unit_Of_Execution" methodname="Should_Use_Provided_Unit_Of_Execution" classname="Michonne.Tests.SequencerCertification`1" runstate="Runnable" seed="660980188" result="Passed" start-time="2017-04-24 05:38:55Z" end-time="2017-04-24 05:38:55Z" duration="0.008302" asserts="0" />
          </test-suite>
        </test-suite>
        <test-suite type="TestFixture" id="0-1011" name="SynchonousUnitOfExecutionTests" fullname="Michonne.Tests.SynchonousUnitOfExecutionTests" classname="Michonne.Tests.SynchonousUnitOfExecutionTests" runstate="Runnable" testcasecount="1" result="Passed" start-time="2017-04-24 05:38:56Z" end-time="2017-04-24 05:38:56Z" duration="0.008255" total="1" passed="1" failed="0" warnings="0" inconclusive="0" skipped="0" asserts="0">
          <test-case id="0-1012" name="ShouldExecuteSynchro" fullname="Michonne.Tests.SynchonousUnitOfExecutionTests.ShouldExecuteSynchro" methodname="ShouldExecuteSynchro" classname="Michonne.Tests.SynchonousUnitOfExecutionTests" runstate="Runnable" seed="1171191409" result="Passed" start-time="2017-04-24 05:38:56Z" end-time="2017-04-24 05:38:56Z" duration="0.003559" asserts="0" />
        </test-suite>
      </test-suite>
    </test-suite>
  </test-suite>
</test-run>